[0.000000] (-) TimerEvent: {}
[0.001852] (vectornav_msgs) JobQueued: {'identifier': 'vectornav_msgs', 'dependencies': OrderedDict()}
[0.002737] (vectornav) JobQueued: {'identifier': 'vectornav', 'dependencies': OrderedDict({'vectornav_msgs': '/root/dev/robosub-ros2/onboard/src/vectornav/install/vectornav_msgs'})}
[0.003179] (vectornav_msgs) JobStarted: {'identifier': 'vectornav_msgs'}
[0.032575] (vectornav_msgs) JobProgress: {'identifier': 'vectornav_msgs', 'progress': 'cmake'}
[0.044876] (vectornav_msgs) Command: {'cmd': ['/usr/bin/cmake', '/root/dev/robosub-ros2/onboard/src/vectornav/vectornav_msgs', '-DCMAKE_INSTALL_PREFIX=/root/dev/robosub-ros2/onboard/src/vectornav/install/vectornav_msgs'], 'cwd': '/root/dev/robosub-ros2/onboard/src/vectornav/build/vectornav_msgs', 'env': OrderedDict({'USER': 'root', 'SSH_CLIENT': '172.18.0.1 59116 2200', 'SHLVL': '1', 'HOME': '/root', 'OLDPWD': '/root/dev/robosub-ros2/onboard/src', 'SSH_TTY': '/dev/pts/1', 'LOGNAME': 'root', '_': '/usr/bin/colcon', 'TERM': 'xterm-256color', 'PATH': '/usr/local/sbin:/usr/local/bin:/usr/sbin:/usr/bin:/sbin:/bin:/usr/games:/usr/local/games:/snap/bin', 'LANG': 'C.UTF-8', 'SHELL': '/bin/bash', 'PWD': '/root/dev/robosub-ros2/onboard/src/vectornav/build/vectornav_msgs', 'SSH_CONNECTION': '172.18.0.1 59116 172.18.0.2 2200', 'XDG_DATA_DIRS': '/usr/local/share:/usr/share:/var/lib/snapd/desktop', 'COLCON': '1'}), 'shell': False}
[0.096757] (-) TimerEvent: {}
[0.198025] (-) TimerEvent: {}
[0.299140] (-) TimerEvent: {}
[0.400414] (-) TimerEvent: {}
[0.411642] (vectornav_msgs) StdoutLine: {'line': b'-- The C compiler identification is GNU 13.2.0\n'}
[0.502173] (-) TimerEvent: {}
[0.603397] (-) TimerEvent: {}
[0.704444] (-) TimerEvent: {}
[0.719499] (vectornav_msgs) StdoutLine: {'line': b'-- The CXX compiler identification is GNU 13.2.0\n'}
[0.791656] (vectornav_msgs) StdoutLine: {'line': b'-- Detecting C compiler ABI info\n'}
[0.804602] (-) TimerEvent: {}
[0.905237] (-) TimerEvent: {}
[1.013799] (-) TimerEvent: {}
[1.114603] (-) TimerEvent: {}
[1.215482] (-) TimerEvent: {}
[1.318240] (-) TimerEvent: {}
[1.421263] (-) TimerEvent: {}
[1.521848] (-) TimerEvent: {}
[1.622462] (-) TimerEvent: {}
[1.680616] (vectornav_msgs) StdoutLine: {'line': b'-- Detecting C compiler ABI info - done\n'}
[1.722594] (-) TimerEvent: {}
[1.723709] (vectornav_msgs) StdoutLine: {'line': b'-- Check for working C compiler: /usr/bin/cc - skipped\n'}
[1.724707] (vectornav_msgs) StdoutLine: {'line': b'-- Detecting C compile features\n'}
[1.725564] (vectornav_msgs) StdoutLine: {'line': b'-- Detecting C compile features - done\n'}
[1.781963] (vectornav_msgs) StdoutLine: {'line': b'-- Detecting CXX compiler ABI info\n'}
[1.822803] (-) TimerEvent: {}
[1.923442] (-) TimerEvent: {}
[2.026092] (-) TimerEvent: {}
[2.126804] (-) TimerEvent: {}
[2.227534] (-) TimerEvent: {}
[2.328222] (-) TimerEvent: {}
[2.429213] (-) TimerEvent: {}
[2.530036] (-) TimerEvent: {}
[2.630868] (-) TimerEvent: {}
[2.731959] (-) TimerEvent: {}
[2.786380] (vectornav_msgs) StdoutLine: {'line': b'-- Detecting CXX compiler ABI info - done\n'}
[2.823394] (vectornav_msgs) StdoutLine: {'line': b'-- Check for working CXX compiler: /usr/bin/c++ - skipped\n'}
[2.824280] (vectornav_msgs) StdoutLine: {'line': b'-- Detecting CXX compile features\n'}
[2.825088] (vectornav_msgs) StdoutLine: {'line': b'-- Detecting CXX compile features - done\n'}
[2.832086] (-) TimerEvent: {}
[2.889338] (vectornav_msgs) StderrLine: {'line': b'\x1b[31mCMake Error at CMakeLists.txt:19 (find_package):\n'}
[2.891379] (vectornav_msgs) StderrLine: {'line': b'  By not providing "Findament_cmake.cmake" in CMAKE_MODULE_PATH this project\n'}
[2.892520] (vectornav_msgs) StderrLine: {'line': b'  has asked CMake to find a package configuration file provided by\n'}
[2.894383] (vectornav_msgs) StderrLine: {'line': b'  "ament_cmake", but CMake did not find one.\n'}
[2.900962] (vectornav_msgs) StderrLine: {'line': b'\n'}
[2.913240] (vectornav_msgs) StderrLine: {'line': b'  Could not find a package configuration file provided by "ament_cmake" with\n'}
[2.918999] (vectornav_msgs) StderrLine: {'line': b'  any of the following names:\n'}
[2.919826] (vectornav_msgs) StderrLine: {'line': b'\n'}
[2.920553] (vectornav_msgs) StderrLine: {'line': b'    ament_cmakeConfig.cmake\n'}
[2.921226] (vectornav_msgs) StderrLine: {'line': b'    ament_cmake-config.cmake\n'}
[2.922097] (vectornav_msgs) StderrLine: {'line': b'\n'}
[2.923772] (vectornav_msgs) StderrLine: {'line': b'  Add the installation prefix of "ament_cmake" to CMAKE_PREFIX_PATH or set\n'}
[2.925152] (vectornav_msgs) StderrLine: {'line': b'  "ament_cmake_DIR" to a directory containing one of the above files.  If\n'}
[2.926104] (vectornav_msgs) StderrLine: {'line': b'  "ament_cmake" provides a separate development package or SDK, be sure it\n'}
[2.927349] (vectornav_msgs) StderrLine: {'line': b'  has been installed.\n'}
[2.928420] (vectornav_msgs) StderrLine: {'line': b'\n'}
[2.929307] (vectornav_msgs) StderrLine: {'line': b'\x1b[0m\n'}
[2.930295] (vectornav_msgs) StdoutLine: {'line': b'-- Configuring incomplete, errors occurred!\n'}
[2.931425] (vectornav_msgs) CommandEnded: {'returncode': 1}
[2.932631] (-) TimerEvent: {}
[3.033202] (-) TimerEvent: {}
[3.057240] (vectornav_msgs) JobEnded: {'identifier': 'vectornav_msgs', 'rc': 1}
[3.072601] (vectornav) JobSkipped: {'identifier': 'vectornav'}
[3.072918] (-) EventReactorShutdown: {}
