[0.062s] Invoking command in '/root/dev/robosub-ros2/onboard/src/vectornav/build/vectornav_msgs': /usr/bin/cmake /root/dev/robosub-ros2/onboard/src/vectornav/vectornav_msgs -DCMAKE_INSTALL_PREFIX=/root/dev/robosub-ros2/onboard/src/vectornav/install/vectornav_msgs
[0.409s] -- The C compiler identification is GNU 13.2.0
[0.717s] -- The CXX compiler identification is GNU 13.2.0
[0.788s] -- Detecting C compiler ABI info
[1.677s] -- Detecting C compiler ABI info - done
[1.720s] -- Check for working C compiler: /usr/bin/cc - skipped
[1.721s] -- Detecting C compile features
[1.722s] -- Detecting C compile features - done
[1.779s] -- Detecting CXX compiler ABI info
[2.783s] -- Detecting CXX compiler ABI info - done
[2.820s] -- Check for working CXX compiler: /usr/bin/c++ - skipped
[2.821s] -- Detecting CXX compile features
[2.826s] -- Detecting CXX compile features - done
[2.887s] [31mCMake Error at CMakeLists.txt:19 (find_package):
[2.888s]   By not providing "Findament_cmake.cmake" in CMAKE_MODULE_PATH this project
[2.890s]   has asked CMake to find a package configuration file provided by
[2.896s]   "ament_cmake", but CMake did not find one.
[2.909s] 
[2.914s]   Could not find a package configuration file provided by "ament_cmake" with
[2.915s]   any of the following names:
[2.916s] 
[2.917s]     ament_cmakeConfig.cmake
[2.918s]     ament_cmake-config.cmake
[2.919s] 
[2.921s]   Add the installation prefix of "ament_cmake" to CMAKE_PREFIX_PATH or set
[2.922s]   "ament_cmake_DIR" to a directory containing one of the above files.  If
[2.923s]   "ament_cmake" provides a separate development package or SDK, be sure it
[2.924s]   has been installed.
[2.925s] 
[2.926s] [0m
[2.927s] -- Configuring incomplete, errors occurred!
[2.928s] Invoked command in '/root/dev/robosub-ros2/onboard/src/vectornav/build/vectornav_msgs' returned '1': /usr/bin/cmake /root/dev/robosub-ros2/onboard/src/vectornav/vectornav_msgs -DCMAKE_INSTALL_PREFIX=/root/dev/robosub-ros2/onboard/src/vectornav/install/vectornav_msgs
